<?xml version="1.0" encoding="UTF-8"?>
<!-- Generated by org.testng.reporters.JUnitReportReporter -->
<testsuite hostname="WIN-0Q8B1C86QQD" failures="0" tests="2" name="test.BasketPageTest" time="30.465" errors="0" timestamp="2022-04-04T23:09:43 MSK" skipped="0">
  <testcase classname="test.BasketPageTest" name="transitionBasket" time="13.610"/>
  <system-out/>
  <testcase classname="test.BasketPageTest" name="checkAddTwoProductsInBasket" time="16.855"/>
  <system-out/>
</testsuite> <!-- test.BasketPageTest -->
