<?xml version="1.0" encoding="UTF-8"?>
<!-- Generated by org.testng.reporters.JUnitReportReporter -->
<testsuite hostname="WIN-0Q8B1C86QQD" failures="0" tests="1" name="test.ComparisonPageTest" time="13.829" errors="0" timestamp="2022-04-03T12:51:34 MSK" skipped="0">
  <testcase classname="test.ComparisonPageTest" name="checkAddComparison" time="13.829"/>
  <system-out/>
</testsuite> <!-- test.ComparisonPageTest -->
