<?xml version="1.0" encoding="UTF-8"?>
<!-- Generated by org.testng.reporters.JUnitReportReporter -->
<testsuite hostname="WIN-0Q8B1C86QQD" failures="0" tests="2" name="test.ListingPageTest" time="22.302" errors="0" timestamp="2022-04-03T12:51:34 MSK" skipped="0">
  <testcase classname="test.ListingPageTest" name="checkSortInListing" time="13.180"/>
  <system-out/>
  <testcase classname="test.ListingPageTest" name="checkSearchProducts" time="9.122"/>
  <system-out/>
</testsuite> <!-- test.ListingPageTest -->
