<?xml version="1.0" encoding="UTF-8"?>
<!-- Generated by org.testng.reporters.JUnitReportReporter -->
<testsuite hostname="WIN-0Q8B1C86QQD" failures="0" tests="4" name="test.HomePageTest" time="35.714" errors="0" timestamp="2022-04-03T12:51:34 MSK" skipped="0">
  <testcase classname="test.HomePageTest" name="checkEditCity" time="12.777"/>
  <system-out/>
  <testcase classname="test.HomePageTest" name="checkAuthorisationWindow" time="7.602"/>
  <system-out/>
  <testcase classname="test.HomePageTest" name="checkHeaderButtonsActiveAndDisplayed" time="8.791"/>
  <system-out/>
  <testcase classname="test.HomePageTest" name="checkActivationBasketHeader" time="6.544"/>
  <system-out/>
</testsuite> <!-- test.HomePageTest -->
