<?xml version="1.0" encoding="UTF-8"?>
<!-- Generated by org.testng.reporters.JUnitReportReporter -->
<testsuite hostname="WIN-0Q8B1C86QQD" failures="0" tests="1" name="test.FavoritePageTest" time="16.155" errors="0" timestamp="2022-04-03T12:51:34 MSK" skipped="0">
  <testcase classname="test.FavoritePageTest" name="checkAddFavorites" time="16.155"/>
  <system-out/>
</testsuite> <!-- test.FavoritePageTest -->
